<?xml version="1.0" encoding="UTF-8"?>
<!-- Generated by org.testng.reporters.JUnitReportReporter -->
<testsuite hostname="DESKTOP-IU4O7BV" failures="0" tests="1" name="driverFactory.AppTest" time="17.835" errors="0" timestamp="2024-04-15T15:35:37 IST" skipped="0">
  <testcase classname="driverFactory.AppTest" name="kickStart" time="17.835"/>
</testsuite> <!-- driverFactory.AppTest -->
