<?xml version="1.0" encoding="UTF-8"?>
<!-- Generated by org.testng.reporters.JUnitReportReporter -->
<testsuite hostname="DESKTOP-IU4O7BV" failures="0" tests="1" name="driverFactory.AppTest" time="48.031" errors="0" timestamp="2024-04-21T15:38:03 IST" skipped="0">
  <testcase classname="driverFactory.AppTest" name="kickStart" time="48.031">
    <system-out>
      <![CDATA[Supplier-00000002670  Supplier-00000002670
Customer-00000004694  Customer-00000004694]]>
    </system-out>
  </testcase> <!-- kickStart -->
  <system-out>
    <![CDATA[Supplier-00000002670  Supplier-00000002670
Customer-00000004694  Customer-00000004694]]>
  </system-out>
</testsuite> <!-- driverFactory.AppTest -->
