<?xml version="1.0" encoding="UTF-8"?>
<!-- Generated by org.testng.reporters.JUnitReportReporter -->
<testsuite hostname="DESKTOP-IU4O7BV" failures="0" tests="1" name="driverFactory.AppTest" time="60.909" errors="0" timestamp="2024-04-16T20:49:25 IST" skipped="0">
  <testcase classname="driverFactory.AppTest" name="kickStart" time="60.909">
    <system-out>
      <![CDATA[Electronics      Electronics
Stock-000001126  Stock-000001126]]>
    </system-out>
  </testcase> <!-- kickStart -->
  <system-out>
    <![CDATA[Electronics      Electronics
Stock-000001126  Stock-000001126]]>
  </system-out>
</testsuite> <!-- driverFactory.AppTest -->
